number,value,datetime_start,datetime_complete,duration,params_batch_size,params_dropout,params_hidden_size,params_learning_rate,params_num_layers,params_sequence_length,params_weight_decay,user_attrs_fold_1_mae,user_attrs_fold_1_year,user_attrs_fold_2_mae,user_attrs_fold_2_year,user_attrs_fold_3_mae,user_attrs_fold_3_year,user_attrs_fold_4_mae,user_attrs_fold_4_year,user_attrs_fold_5_mae,user_attrs_fold_5_year,user_attrs_fold_6_mae,user_attrs_fold_6_year,user_attrs_fold_7_mae,user_attrs_fold_7_year,user_attrs_fold_8_mae,user_attrs_fold_8_year,state
0,6.3653846606612206,2026-06-17 16:20:58.532486,2026-06-17 16:21:02.501344,0 days 00:00:03.968858,32,0.361682566246969,16,0.00044382070467630124,2,24,1.8354619576988676e-06,0.26923078298568726,2001,13.538461685180664,2002.0,1.615384578704834,2003.0,11.269230842590332,2004.0,2.961538553237915,2005.0,5.211538314819336,2006.0,4.057692527770996,2007.0,12.0,2008.0,COMPLETE
1,5.512019269168377,2026-06-17 16:21:02.510227,2026-06-17 16:21:06.757064,0 days 00:00:04.246837,16,0.3010559583977612,64,0.000623301365246935,2,24,6.59775768449377e-06,0.26923078298568726,2001,12.730769157409668,2002.0,1.365384578704834,2003.0,8.34615421295166,2004.0,2.634615421295166,2005.0,4.67307710647583,2006.0,3.653846263885498,2007.0,10.423076629638672,2008.0,COMPLETE
2,5.99759628623724,2026-06-17 16:21:06.765201,2026-06-17 16:21:08.727975,0 days 00:00:01.962774,32,0.3236958551290687,96,0.0005031074283454523,1,8,0.004223700126484409,0.26923078298568726,2001,13.326923370361328,2002.0,1.442307710647583,2003.0,8.288461685180664,2004.0,2.75,2005.0,4.807692527770996,2006.0,3.75,2007.0,13.34615421295166,2008.0,COMPLETE
3,5.983173005282879,2026-06-17 16:21:08.735077,2026-06-17 16:21:10.680277,0 days 00:00:01.945200,32,0.0239079108028309,128,0.00033475837216611823,2,8,0.0002346274114802574,0.26923078298568726,2001,13.173076629638672,2002.0,1.384615421295166,2003.0,8.384614944458008,2004.0,2.75,2005.0,4.769230842590332,2006.0,3.884615421295166,2007.0,13.25,2008.0,COMPLETE
4,7.115384615957737,2026-06-17 16:21:10.687457,2026-06-17 16:21:13.168214,0 days 00:00:02.480757,64,0.1351885069431179,32,0.00019106534157710195,1,4,4.566748452635581e-05,0.26923078298568726,2001,13.5,2002.0,1.7115384340286255,2003.0,12.269230842590332,2004.0,5.980769157409668,2005.0,5.788461685180664,2006.0,3.942307710647583,2007.0,13.461538314819336,2008.0,COMPLETE
5,5.661057688295841,2026-06-17 16:21:13.175344,2026-06-17 16:21:17.025680,0 days 00:00:03.850336,16,0.35854243061935603,32,0.0016541429506953397,1,16,3.877843586631946e-06,0.26923078298568726,2001,13.134614944458008,2002.0,1.4807692766189575,2003.0,7.769230842590332,2004.0,2.826923131942749,2005.0,4.692307472229004,2006.0,3.75,2007.0,11.365385055541992,2008.0,COMPLETE
6,5.399038530886173,2026-06-17 16:21:17.033027,2026-06-17 16:21:19.433455,0 days 00:00:02.400428,64,0.27349683814974024,16,0.002555742695922956,2,24,0.0058510939662746,0.26923078298568726,2001,13.307692527770996,2002.0,1.4038461446762085,2003.0,9.057692527770996,2004.0,2.423076868057251,2005.0,5.25,2006.0,3.576923131942749,2007.0,7.903846263885498,2008.0,COMPLETE
7,0.3076923191547394,2026-06-17 16:21:19.441492,2026-06-17 16:21:19.532692,0 days 00:00:00.091200,64,0.0760954785144225,128,0.003086658501724286,1,24,0.004332413047075763,0.3076923191547394,2001,,,,,,,,,,,,,,,PRUNED
8,6.360576905310154,2026-06-17 16:21:19.538970,2026-06-17 16:21:21.986934,0 days 00:00:02.447964,64,0.16272749147042578,96,0.00012826033060058456,1,4,3.96228046520059e-06,0.26923078298568726,2001,13.538461685180664,2002.0,1.4615384340286255,2003.0,9.519230842590332,2004.0,3.173076868057251,2005.0,5.596153736114502,2006.0,3.846153736114502,2007.0,13.480769157409668,2008.0,COMPLETE
9,0.32692307233810425,2026-06-17 16:21:21.994213,2026-06-17 16:21:22.103212,0 days 00:00:00.108999,16,0.347149055053657,16,0.0029624169005593613,1,24,0.00027444744583171154,0.32692307233810425,2001,,,,,,,,,,,,,,,PRUNED
10,6.322115398943424,2026-06-17 16:21:22.109453,2026-06-17 16:21:23.720200,0 days 00:00:01.610747,64,0.24011692843709959,16,0.0014168621333045552,2,12,0.0012016793791048772,0.26923078298568726,2001,13.538461685180664,2002.0,1.6538461446762085,2003.0,9.788461685180664,2004.0,2.711538553237915,2005.0,5.615384578704834,2006.0,3.557692289352417,2007.0,13.442307472229004,2008.0,COMPLETE
11,5.500000048428774,2026-06-17 16:21:23.727314,2026-06-17 16:21:27.628416,0 days 00:00:03.901102,16,0.25658419738719984,64,0.0011859395416416326,2,24,2.6177557774841333e-05,0.21153846383094788,2001,12.807692527770996,2002.0,1.442307710647583,2003.0,7.519230842590332,2004.0,2.673076868057251,2005.0,4.711538314819336,2006.0,3.538461446762085,2007.0,11.09615421295166,2008.0,COMPLETE
12,5.0793270245194435,2026-06-17 16:21:27.636160,2026-06-17 16:21:32.204312,0 days 00:00:04.568152,16,0.4306712069055712,64,0.0012184786308945643,2,24,3.4497228148297094e-05,0.26923078298568726,2001,12.865385055541992,2002.0,1.4038461446762085,2003.0,6.557692527770996,2004.0,2.788461446762085,2005.0,4.846153736114502,2006.0,3.576923131942749,2007.0,8.326923370361328,2008.0,COMPLETE
13,5.891826905310154,2026-06-17 16:21:32.212467,2026-06-17 16:21:33.301897,0 days 00:00:01.089430,64,0.44547602754311855,64,0.0037741745054100093,2,16,0.000752308076702163,0.26923078298568726,2001,12.711538314819336,2002.0,1.4038461446762085,2003.0,8.90384578704834,2004.0,2.615384578704834,2005.0,4.557692527770996,2006.0,3.634615421295166,2007.0,13.038461685180664,2008.0,COMPLETE
14,6.062499977648258,2026-06-17 16:21:33.309108,2026-06-17 16:21:35.925982,0 days 00:00:02.616874,16,0.44953376194695815,64,0.0019166878403905968,2,12,2.8119567224613653e-05,0.26923078298568726,2001,12.980769157409668,2002.0,1.4807692766189575,2003.0,9.0,2004.0,2.711538553237915,2005.0,5.096153736114502,2006.0,3.5,2007.0,13.461538314819336,2008.0,COMPLETE
15,6.0120192393660545,2026-06-17 16:21:35.933270,2026-06-17 16:21:39.911471,0 days 00:00:03.978201,16,0.1790755860299017,16,0.0009702298773916249,2,24,0.00010409656990594969,0.26923078298568726,2001,13.269230842590332,2002.0,1.384615421295166,2003.0,8.519230842590332,2004.0,2.653846263885498,2005.0,5.480769157409668,2006.0,3.576923131942749,2007.0,12.942307472229004,2008.0,COMPLETE
16,5.021634642034769,2026-06-17 16:21:39.918645,2026-06-17 16:21:41.641224,0 days 00:00:01.722579,64,0.4101688582628093,64,0.0021695015371232165,2,24,0.001406922867966177,0.21153846383094788,2001,12.307692527770996,2002.0,1.4038461446762085,2003.0,6.346153736114502,2004.0,2.538461446762085,2005.0,4.75,2006.0,3.326923131942749,2007.0,9.288461685180664,2008.0,COMPLETE
17,5.4230768624693155,2026-06-17 16:21:41.649217,2026-06-17 16:21:45.044204,0 days 00:00:03.394987,16,0.3996370883605117,64,0.004852636524765383,2,24,0.0011593041536890692,0.23076923191547394,2001,12.65384578704834,2002.0,1.4615384340286255,2003.0,7.461538314819336,2004.0,2.865384578704834,2005.0,5.057692527770996,2006.0,3.692307710647583,2007.0,9.961538314819336,2008.0,COMPLETE
18,5.920673169195652,2026-06-17 16:21:45.051440,2026-06-17 16:21:46.664107,0 days 00:00:01.612667,64,0.4009729720534781,64,0.0008558704735149244,2,16,1.2888275821042099e-05,0.26923078298568726,2001,13.307692527770996,2002.0,1.4038461446762085,2003.0,8.115385055541992,2004.0,2.519230842590332,2005.0,4.67307710647583,2006.0,3.615384578704834,2007.0,13.461538314819336,2008.0,COMPLETE
19,6.161057703197002,2026-06-17 16:21:46.671308,2026-06-17 16:21:48.443236,0 days 00:00:01.771928,32,0.40139384947455925,64,0.0019442678253679202,2,8,0.00011655713738860563,0.26923078298568726,2001,13.211538314819336,2002.0,1.442307710647583,2003.0,9.269230842590332,2004.0,2.846153736114502,2005.0,4.92307710647583,2006.0,3.788461446762085,2007.0,13.538461685180664,2008.0,COMPLETE
20,6.158653758466244,2026-06-17 16:21:48.450516,2026-06-17 16:21:51.154207,0 days 00:00:02.703691,64,0.29664896203764624,64,0.0002852845125468681,2,12,0.00043981400292475876,0.26923078298568726,2001,13.307692527770996,2002.0,1.634615421295166,2003.0,9.673076629638672,2004.0,2.442307710647583,2005.0,5.07692289352417,2006.0,3.480769157409668,2007.0,13.384614944458008,2008.0,COMPLETE
21,6.163461618125439,2026-06-17 16:21:51.161439,2026-06-17 16:21:52.679311,0 days 00:00:01.517872,64,0.406480504257101,16,0.002383945507977582,2,24,0.008029259655776713,0.26923078298568726,2001,13.538461685180664,2002.0,1.365384578704834,2003.0,10.115385055541992,2004.0,2.346153736114502,2005.0,5.038461685180664,2006.0,3.403846263885498,2007.0,13.230769157409668,2008.0,COMPLETE
22,5.161057583987713,2026-06-17 16:21:52.686491,2026-06-17 16:21:54.470916,0 days 00:00:01.784425,64,0.2843335730579937,128,0.0012040074757665687,2,24,0.0024498024669202044,0.26923078298568726,2001,12.673076629638672,2002.0,1.442307710647583,2003.0,6.634615421295166,2004.0,2.538461446762085,2005.0,4.730769157409668,2006.0,3.615384578704834,2007.0,9.384614944458008,2008.0,COMPLETE
23,0.3076923191547394,2026-06-17 16:21:54.478067,2026-06-17 16:21:54.582230,0 days 00:00:00.104163,64,0.21177213344526866,128,0.0011327724360536843,2,24,0.0021303392418769848,0.3076923191547394,2001,,,,,,,,,,,,,,,PRUNED
24,5.8437499441206455,2026-06-17 16:21:54.588324,2026-06-17 16:21:56.122702,0 days 00:00:01.534378,64,0.4288357705090084,128,0.0007129809721335043,2,24,0.002237415461218983,0.21153846383094788,2001,12.884614944458008,2002.0,1.4038461446762085,2003.0,7.846153736114502,2004.0,2.884615421295166,2005.0,4.865384578704834,2006.0,3.596153736114502,2007.0,13.057692527770996,2008.0,COMPLETE
25,6.173076935112476,2026-06-17 16:21:56.129820,2026-06-17 16:21:58.795706,0 days 00:00:02.665886,16,0.3613473697536187,128,0.0014022560019692023,2,4,0.0004749724127476376,0.26923078298568726,2001,13.057692527770996,2002.0,1.4807692766189575,2003.0,8.980769157409668,2004.0,3.307692289352417,2005.0,5.346153736114502,2006.0,3.923076868057251,2007.0,13.019230842590332,2008.0,COMPLETE
26,6.01923082023859,2026-06-17 16:21:58.802881,2026-06-17 16:22:00.747256,0 days 00:00:01.944375,64,0.3292912690610452,32,0.0008407758657594179,2,24,6.409727547666071e-05,0.26923078298568726,2001,13.538461685180664,2002.0,1.6538461446762085,2003.0,8.34615421295166,2004.0,2.692307710647583,2005.0,4.82692289352417,2006.0,3.557692289352417,2007.0,13.269230842590332,2008.0,COMPLETE
27,5.437499932944775,2026-06-17 16:22:00.754699,2026-06-17 16:22:02.298983,0 days 00:00:01.544284,64,0.2142361560126967,96,0.0017097235069183656,2,24,0.00018635261603113006,0.26923078298568726,2001,12.730769157409668,2002.0,1.384615421295166,2003.0,8.634614944458008,2004.0,2.826923131942749,2005.0,5.211538314819336,2006.0,3.442307710647583,2007.0,9.0,2008.0,COMPLETE
28,5.3894230127334595,2026-06-17 16:22:02.306220,2026-06-17 16:22:05.046127,0 days 00:00:02.739907,32,0.384395940102636,128,0.0005984782955460008,2,24,0.0017630397461038977,0.25,2001,12.769230842590332,2002.0,1.442307710647583,2003.0,7.096153736114502,2004.0,2.769230842590332,2005.0,4.82692289352417,2006.0,3.538461446762085,2007.0,10.423076629638672,2008.0,COMPLETE
29,5.7980770245194435,2026-06-17 16:22:05.053357,2026-06-17 16:22:10.060499,0 days 00:00:05.007142,16,0.29823377687481417,64,0.00040464921844975593,2,24,1.421565761713389e-05,0.26923078298568726,2001,12.807692527770996,2002.0,1.4038461446762085,2003.0,9.269230842590332,2004.0,2.634615421295166,2005.0,4.807692527770996,2006.0,3.903846263885498,2007.0,11.288461685180664,2008.0,COMPLETE
30,5.798077009618282,2026-06-17 16:22:10.067708,2026-06-17 16:22:11.826247,0 days 00:00:01.758539,32,0.3738480706351899,64,0.0037898458247349054,2,16,1.3635426926153286e-06,0.26923078298568726,2001,12.769230842590332,2002.0,1.423076868057251,2003.0,8.288461685180664,2004.0,2.692307710647583,2005.0,4.92307710647583,2006.0,3.692307710647583,2007.0,12.326923370361328,2008.0,COMPLETE
31,5.709134645760059,2026-06-17 16:22:11.833872,2026-06-17 16:22:13.990517,0 days 00:00:02.156645,32,0.3794736855133436,128,0.000622474390777937,2,24,0.002405405922197392,0.26923078298568726,2001,12.980769157409668,2002.0,1.4038461446762085,2003.0,6.903846263885498,2004.0,2.480769157409668,2005.0,4.807692527770996,2006.0,3.538461446762085,2007.0,13.288461685180664,2008.0,COMPLETE
32,5.3004807606339455,2026-06-17 16:22:13.997571,2026-06-17 16:22:17.124401,0 days 00:00:03.126830,32,0.4234231593297334,128,0.0005251127824762236,2,24,0.0008822271278561451,0.26923078298568726,2001,13.057692527770996,2002.0,1.4038461446762085,2003.0,7.096153736114502,2004.0,2.673076868057251,2005.0,4.865384578704834,2006.0,3.557692289352417,2007.0,9.480769157409668,2008.0,COMPLETE
33,0.5,2026-06-17 16:22:17.131676,2026-06-17 16:22:17.248767,0 days 00:00:00.117091,32,0.4278892615565655,128,0.0004714297216409988,2,24,0.0006336192422951182,0.5,2001,,,,,,,,,,,,,,,PRUNED
34,5.915865369141102,2026-06-17 16:22:17.254947,2026-06-17 16:22:19.079263,0 days 00:00:01.824316,32,0.3313336997231412,128,0.0010822861573072115,2,8,0.0010770323769417414,0.26923078298568726,2001,12.961538314819336,2002.0,1.4615384340286255,2003.0,8.288461685180664,2004.0,2.692307710647583,2005.0,4.653846263885498,2006.0,3.788461446762085,2007.0,13.211538314819336,2008.0,COMPLETE
35,5.769230805337429,2026-06-17 16:22:19.086365,2026-06-17 16:22:22.023709,0 days 00:00:02.937344,32,0.42651608637889105,96,0.0003505425139625378,2,24,0.0003602332735058094,0.26923078298568726,2001,13.15384578704834,2002.0,1.384615421295166,2003.0,6.634615421295166,2004.0,2.788461446762085,2005.0,4.903846263885498,2006.0,3.653846263885498,2007.0,13.365385055541992,2008.0,COMPLETE
36,6.098557688295841,2026-06-17 16:22:22.030839,2026-06-17 16:22:23.818903,0 days 00:00:01.788064,32,0.3119294677418664,128,0.0013169948281711564,1,4,0.00962176565505014,0.26923078298568726,2001,13.230769157409668,2002.0,1.4615384340286255,2003.0,8.826923370361328,2004.0,3.096153736114502,2005.0,5.192307472229004,2006.0,3.711538553237915,2007.0,13.0,2008.0,COMPLETE
37,0.2884615361690521,2026-06-17 16:22:23.826640,2026-06-17 16:22:24.022664,0 days 00:00:00.196024,16,0.006926262833791635,32,0.0002514184959561885,2,8,0.0043673172200834574,0.2884615361690521,2001,,,,,,,,,,,,,,,PRUNED
38,6.086538635194302,2026-06-17 16:22:24.028857,2026-06-17 16:22:25.757088,0 days 00:00:01.728231,64,0.09310621860216295,64,0.0007823739743165027,2,24,0.0001944217027520574,0.26923078298568726,2001,12.84615421295166,2002.0,1.384615421295166,2003.0,9.557692527770996,2004.0,2.826923131942749,2005.0,5.038461685180664,2006.0,3.653846263885498,2007.0,13.115385055541992,2008.0,COMPLETE
39,5.834134630858898,2026-06-17 16:22:25.764766,2026-06-17 16:22:27.004407,0 days 00:00:01.239641,64,0.34424753837735866,128,0.0023092818547129274,1,12,5.399955741851179e-05,0.26923078298568726,2001,13.038461685180664,2002.0,1.5,2003.0,7.442307472229004,2004.0,2.884615421295166,2005.0,4.92307710647583,2006.0,3.596153736114502,2007.0,13.019230842590332,2008.0,COMPLETE
40,5.646634601056576,2026-06-17 16:22:27.011614,2026-06-17 16:22:33.550604,0 days 00:00:06.538990,16,0.42306845122356795,32,0.0005247611046761853,2,24,0.0027941877170705805,0.26923078298568726,2001,13.538461685180664,2002.0,1.384615421295166,2003.0,8.211538314819336,2004.0,2.769230842590332,2005.0,5.384615421295166,2006.0,3.961538553237915,2007.0,9.65384578704834,2008.0,COMPLETE
41,5.2163461074233055,2026-06-17 16:22:33.557909,2026-06-17 16:22:36.679008,0 days 00:00:03.121099,32,0.3775106000634183,128,0.0006315198389704601,2,24,0.0015501835941273807,0.26923078298568726,2001,12.711538314819336,2002.0,1.442307710647583,2003.0,6.653846263885498,2004.0,2.576923131942749,2005.0,4.711538314819336,2006.0,3.711538553237915,2007.0,9.65384578704834,2008.0,COMPLETE
42,5.56730779260397,2026-06-17 16:22:36.686266,2026-06-17 16:22:38.824612,0 days 00:00:02.138346,32,0.3772253163712426,128,0.0009552459334815525,2,24,0.003537184747032588,0.26923078298568726,2001,12.788461685180664,2002.0,1.384615421295166,2003.0,8.84615421295166,2004.0,2.730769157409668,2005.0,4.692307472229004,2006.0,3.711538553237915,2007.0,10.115385055541992,2008.0,COMPLETE
43,5.2403846979141235,2026-06-17 16:22:38.831759,2026-06-17 16:22:42.746948,0 days 00:00:03.915189,32,0.4130358975388588,128,0.0005649227575095175,2,24,0.0014339986627897386,0.25,2001,12.807692527770996,2002.0,1.442307710647583,2003.0,6.92307710647583,2004.0,2.807692289352417,2005.0,4.82692289352417,2006.0,3.75,2007.0,9.115385055541992,2008.0,COMPLETE
44,5.399038352072239,2026-06-17 16:22:42.754196,2026-06-17 16:22:45.307905,0 days 00:00:02.553709,32,0.2738661642375897,128,0.0016497440293419972,2,24,0.0015495063869297415,0.26923078298568726,2001,12.90384578704834,2002.0,1.5384615659713745,2003.0,7.634615421295166,2004.0,2.75,2005.0,5.07692289352417,2006.0,3.865384578704834,2007.0,9.15384578704834,2008.0,COMPLETE
45,6.12980767339468,2026-06-17 16:22:45.317049,2026-06-17 16:22:49.855487,0 days 00:00:04.538438,32,0.35435978040921373,96,0.00017828637587185493,2,4,0.005762833719819242,0.26923078298568726,2001,13.173076629638672,2002.0,1.423076868057251,2003.0,8.461538314819336,2004.0,3.076923131942749,2005.0,5.288461685180664,2006.0,3.826923131942749,2007.0,13.519230842590332,2008.0,COMPLETE
46,5.454326920211315,2026-06-17 16:22:49.863527,2026-06-17 16:22:52.871567,0 days 00:00:03.008040,64,0.2810820197608637,128,0.0006902630521698298,2,24,3.197229503388999e-05,0.26923078298568726,2001,12.769230842590332,2002.0,1.384615421295166,2003.0,8.269230842590332,2004.0,2.615384578704834,2005.0,4.903846263885498,2006.0,3.730769157409668,2007.0,9.692307472229004,2008.0,COMPLETE
47,5.348557703197002,2026-06-17 16:22:52.878882,2026-06-17 16:22:59.643955,0 days 00:00:06.765073,16,0.44998902259092294,64,0.00038228377358371946,1,24,1.1105788556954338e-05,0.26923078298568726,2001,13.230769157409668,2002.0,1.423076868057251,2003.0,7.346153736114502,2004.0,2.903846263885498,2005.0,4.730769157409668,2006.0,3.538461446762085,2007.0,9.34615421295166,2008.0,COMPLETE
48,0.32692307233810425,2026-06-17 16:22:59.651334,2026-06-17 16:22:59.780219,0 days 00:00:00.128885,32,0.4091456885184507,64,0.0012471600534844365,2,16,0.0005441734363781142,0.32692307233810425,2001,,,,,,,,,,,,,,,PRUNED
49,5.95432686060667,2026-06-17 16:22:59.786842,2026-06-17 16:23:03.232427,0 days 00:00:03.445585,64,0.3894942668769453,128,0.00010030579356837807,2,24,4.754631268895562e-06,0.26923078298568726,2001,13.538461685180664,2002.0,1.634615421295166,2003.0,7.961538314819336,2004.0,2.673076868057251,2005.0,4.730769157409668,2006.0,3.692307710647583,2007.0,13.134614944458008,2008.0,COMPLETE
